1777823484.958266 client started (64340): version 3.4, socket /tmp/tmux-1000/default, protocol 8
1777823484.958292 on Linux 6.17.0-20-generic #20~24.04.1-Ubuntu SMP PREEMPT_DYNAMIC Thu Mar 19 01:28:37 UTC 2
1777823484.958296 using libevent 2.1.12-stable poll
1777823484.958299 using ncurses 6.4 20240113
1777823484.958307 flags are 0x18010000
1777823484.958314 socket is /tmp/tmux-1000/default
1777823484.958326 trying connect
1777823484.958343 connect failed: No such file or directory
1777823484.958349 lock file is /tmp/tmux-1000/default.lock
1777823484.958365 flock succeeded
1777823484.958367 got lock (6)
1777823484.958371 trying connect
1777823484.958374 connect failed: No such file or directory
1777823484.958531 add peer 0x5b3424dbc5a0: 7 ((nil))
1777823484.958770 sending message 100 to peer 0x5b3424dbc5a0 (4 bytes)
1777823484.958775 sending message 111 to peer 0x5b3424dbc5a0 (8 bytes)
1777823484.958777 sending message 101 to peer 0x5b3424dbc5a0 (15 bytes)
1777823484.958779 sending message 109 to peer 0x5b3424dbc5a0 (4 bytes)
1777823484.958781 sending message 102 to peer 0x5b3424dbc5a0 (11 bytes)
1777823484.958783 sending message 108 to peer 0x5b3424dbc5a0 (29 bytes)
1777823484.958784 sending message 112 to peer 0x5b3424dbc5a0 (58 bytes)
1777823484.958786 sending message 112 to peer 0x5b3424dbc5a0 (5 bytes)
1777823484.958788 sending message 112 to peer 0x5b3424dbc5a0 (5 bytes)
1777823484.958790 sending message 112 to peer 0x5b3424dbc5a0 (6 bytes)
1777823484.958792 sending message 112 to peer 0x5b3424dbc5a0 (6 bytes)
1777823484.958794 sending message 112 to peer 0x5b3424dbc5a0 (11 bytes)
1777823484.958795 sending message 112 to peer 0x5b3424dbc5a0 (10 bytes)
1777823484.958797 sending message 112 to peer 0x5b3424dbc5a0 (13 bytes)
1777823484.958799 sending message 112 to peer 0x5b3424dbc5a0 (14 bytes)
1777823484.958801 sending message 112 to peer 0x5b3424dbc5a0 (19 bytes)
1777823484.958805 sending message 112 to peer 0x5b3424dbc5a0 (11 bytes)
1777823484.958807 sending message 112 to peer 0x5b3424dbc5a0 (10 bytes)
1777823484.958809 sending message 112 to peer 0x5b3424dbc5a0 (15 bytes)
1777823484.958811 sending message 112 to peer 0x5b3424dbc5a0 (21 bytes)
1777823484.958813 sending message 112 to peer 0x5b3424dbc5a0 (13 bytes)
1777823484.958814 sending message 112 to peer 0x5b3424dbc5a0 (7 bytes)
1777823484.958816 sending message 112 to peer 0x5b3424dbc5a0 (13 bytes)
1777823484.958818 sending message 112 to peer 0x5b3424dbc5a0 (7 bytes)
1777823484.958819 sending message 112 to peer 0x5b3424dbc5a0 (13 bytes)
1777823484.958821 sending message 112 to peer 0x5b3424dbc5a0 (9 bytes)
1777823484.958823 sending message 112 to peer 0x5b3424dbc5a0 (21 bytes)
1777823484.958824 sending message 112 to peer 0x5b3424dbc5a0 (13 bytes)
1777823484.958826 sending message 112 to peer 0x5b3424dbc5a0 (9 bytes)
1777823484.958828 sending message 112 to peer 0x5b3424dbc5a0 (16 bytes)
1777823484.958830 sending message 112 to peer 0x5b3424dbc5a0 (13 bytes)
1777823484.958831 sending message 112 to peer 0x5b3424dbc5a0 (9 bytes)
1777823484.958834 sending message 112 to peer 0x5b3424dbc5a0 (9 bytes)
1777823484.958836 sending message 112 to peer 0x5b3424dbc5a0 (12 bytes)
1777823484.958838 sending message 112 to peer 0x5b3424dbc5a0 (8 bytes)
1777823484.958840 sending message 112 to peer 0x5b3424dbc5a0 (8 bytes)
1777823484.958841 sending message 112 to peer 0x5b3424dbc5a0 (13 bytes)
1777823484.958844 sending message 112 to peer 0x5b3424dbc5a0 (7 bytes)
1777823484.958846 sending message 112 to peer 0x5b3424dbc5a0 (7 bytes)
1777823484.958848 sending message 112 to peer 0x5b3424dbc5a0 (9 bytes)
1777823484.958850 sending message 112 to peer 0x5b3424dbc5a0 (9 bytes)
1777823484.958852 sending message 112 to peer 0x5b3424dbc5a0 (15 bytes)
1777823484.958855 sending message 112 to peer 0x5b3424dbc5a0 (13 bytes)
1777823484.958857 sending message 112 to peer 0x5b3424dbc5a0 (12 bytes)
1777823484.958860 sending message 112 to peer 0x5b3424dbc5a0 (8 bytes)
1777823484.958862 sending message 112 to peer 0x5b3424dbc5a0 (14 bytes)
1777823484.958864 sending message 112 to peer 0x5b3424dbc5a0 (11 bytes)
1777823484.958870 sending message 112 to peer 0x5b3424dbc5a0 (9 bytes)
1777823484.958872 sending message 112 to peer 0x5b3424dbc5a0 (10 bytes)
1777823484.958873 sending message 112 to peer 0x5b3424dbc5a0 (10 bytes)
1777823484.958875 sending message 112 to peer 0x5b3424dbc5a0 (10 bytes)
1777823484.958877 sending message 112 to peer 0x5b3424dbc5a0 (10 bytes)
1777823484.958878 sending message 112 to peer 0x5b3424dbc5a0 (11 bytes)
1777823484.958880 sending message 112 to peer 0x5b3424dbc5a0 (12 bytes)
1777823484.958882 sending message 112 to peer 0x5b3424dbc5a0 (12 bytes)
1777823484.958884 sending message 112 to peer 0x5b3424dbc5a0 (12 bytes)
1777823484.958885 sending message 112 to peer 0x5b3424dbc5a0 (12 bytes)
1777823484.958887 sending message 112 to peer 0x5b3424dbc5a0 (12 bytes)
1777823484.958889 sending message 112 to peer 0x5b3424dbc5a0 (11 bytes)
1777823484.958890 sending message 112 to peer 0x5b3424dbc5a0 (11 bytes)
1777823484.958892 sending message 112 to peer 0x5b3424dbc5a0 (12 bytes)
1777823484.958895 sending message 112 to peer 0x5b3424dbc5a0 (12 bytes)
1777823484.958897 sending message 112 to peer 0x5b3424dbc5a0 (12 bytes)
1777823484.958900 sending message 112 to peer 0x5b3424dbc5a0 (12 bytes)
1777823484.958902 sending message 112 to peer 0x5b3424dbc5a0 (12 bytes)
1777823484.958904 sending message 112 to peer 0x5b3424dbc5a0 (9 bytes)
1777823484.958906 sending message 112 to peer 0x5b3424dbc5a0 (12 bytes)
1777823484.958909 sending message 112 to peer 0x5b3424dbc5a0 (13 bytes)
1777823484.958912 sending message 112 to peer 0x5b3424dbc5a0 (13 bytes)
1777823484.958914 sending message 112 to peer 0x5b3424dbc5a0 (13 bytes)
1777823484.958918 sending message 112 to peer 0x5b3424dbc5a0 (13 bytes)
1777823484.958920 sending message 112 to peer 0x5b3424dbc5a0 (13 bytes)
1777823484.958922 sending message 112 to peer 0x5b3424dbc5a0 (8 bytes)
1777823484.958926 sending message 112 to peer 0x5b3424dbc5a0 (11 bytes)
1777823484.958929 sending message 112 to peer 0x5b3424dbc5a0 (11 bytes)
1777823484.958931 sending message 112 to peer 0x5b3424dbc5a0 (11 bytes)
1777823484.958934 sending message 112 to peer 0x5b3424dbc5a0 (12 bytes)
1777823484.958936 sending message 112 to peer 0x5b3424dbc5a0 (12 bytes)
1777823484.958938 sending message 112 to peer 0x5b3424dbc5a0 (12 bytes)
1777823484.958941 sending message 112 to peer 0x5b3424dbc5a0 (12 bytes)
1777823484.958944 sending message 112 to peer 0x5b3424dbc5a0 (13 bytes)
1777823484.958947 sending message 112 to peer 0x5b3424dbc5a0 (13 bytes)
1777823484.958949 sending message 112 to peer 0x5b3424dbc5a0 (13 bytes)
1777823484.958952 sending message 112 to peer 0x5b3424dbc5a0 (8 bytes)
1777823484.958955 sending message 112 to peer 0x5b3424dbc5a0 (13 bytes)
1777823484.958960 sending message 112 to peer 0x5b3424dbc5a0 (13 bytes)
1777823484.958963 sending message 112 to peer 0x5b3424dbc5a0 (13 bytes)
1777823484.958966 sending message 112 to peer 0x5b3424dbc5a0 (13 bytes)
1777823484.958969 sending message 112 to peer 0x5b3424dbc5a0 (13 bytes)
1777823484.958972 sending message 112 to peer 0x5b3424dbc5a0 (12 bytes)
1777823484.958975 sending message 112 to peer 0x5b3424dbc5a0 (12 bytes)
1777823484.958980 sending message 112 to peer 0x5b3424dbc5a0 (12 bytes)
1777823484.958984 sending message 112 to peer 0x5b3424dbc5a0 (12 bytes)
1777823484.958988 sending message 112 to peer 0x5b3424dbc5a0 (13 bytes)
1777823484.958992 sending message 112 to peer 0x5b3424dbc5a0 (8 bytes)
1777823484.958996 sending message 112 to peer 0x5b3424dbc5a0 (13 bytes)
1777823484.959000 sending message 112 to peer 0x5b3424dbc5a0 (13 bytes)
1777823484.959004 sending message 112 to peer 0x5b3424dbc5a0 (13 bytes)
1777823484.959008 sending message 112 to peer 0x5b3424dbc5a0 (13 bytes)
1777823484.959010 sending message 112 to peer 0x5b3424dbc5a0 (13 bytes)
1777823484.959015 sending message 112 to peer 0x5b3424dbc5a0 (13 bytes)
1777823484.959017 sending message 112 to peer 0x5b3424dbc5a0 (13 bytes)
1777823484.959021 sending message 112 to peer 0x5b3424dbc5a0 (12 bytes)
1777823484.959023 sending message 112 to peer 0x5b3424dbc5a0 (12 bytes)
1777823484.959027 sending message 112 to peer 0x5b3424dbc5a0 (12 bytes)
1777823484.959030 sending message 112 to peer 0x5b3424dbc5a0 (8 bytes)
1777823484.959033 sending message 112 to peer 0x5b3424dbc5a0 (12 bytes)
1777823484.959037 sending message 112 to peer 0x5b3424dbc5a0 (13 bytes)
1777823484.959040 sending message 112 to peer 0x5b3424dbc5a0 (13 bytes)
1777823484.959044 sending message 112 to peer 0x5b3424dbc5a0 (13 bytes)
1777823484.959048 sending message 112 to peer 0x5b3424dbc5a0 (13 bytes)
1777823484.959052 sending message 112 to peer 0x5b3424dbc5a0 (13 bytes)
1777823484.959055 sending message 112 to peer 0x5b3424dbc5a0 (13 bytes)
1777823484.959059 sending message 112 to peer 0x5b3424dbc5a0 (13 bytes)
1777823484.959063 sending message 112 to peer 0x5b3424dbc5a0 (13 bytes)
1777823484.959066 sending message 112 to peer 0x5b3424dbc5a0 (12 bytes)
1777823484.959070 sending message 112 to peer 0x5b3424dbc5a0 (10 bytes)
1777823484.959073 sending message 112 to peer 0x5b3424dbc5a0 (12 bytes)
1777823484.959076 sending message 112 to peer 0x5b3424dbc5a0 (12 bytes)
1777823484.959079 sending message 112 to peer 0x5b3424dbc5a0 (12 bytes)
1777823484.959084 sending message 112 to peer 0x5b3424dbc5a0 (13 bytes)
1777823484.959088 sending message 112 to peer 0x5b3424dbc5a0 (13 bytes)
1777823484.959092 sending message 112 to peer 0x5b3424dbc5a0 (13 bytes)
1777823484.959096 sending message 112 to peer 0x5b3424dbc5a0 (13 bytes)
1777823484.959099 sending message 112 to peer 0x5b3424dbc5a0 (13 bytes)
1777823484.959101 sending message 112 to peer 0x5b3424dbc5a0 (13 bytes)
1777823484.959104 sending message 112 to peer 0x5b3424dbc5a0 (13 bytes)
1777823484.959106 sending message 112 to peer 0x5b3424dbc5a0 (10 bytes)
1777823484.959109 sending message 112 to peer 0x5b3424dbc5a0 (13 bytes)
1777823484.959111 sending message 112 to peer 0x5b3424dbc5a0 (12 bytes)
1777823484.959113 sending message 112 to peer 0x5b3424dbc5a0 (12 bytes)
1777823484.959115 sending message 112 to peer 0x5b3424dbc5a0 (12 bytes)
1777823484.959118 sending message 112 to peer 0x5b3424dbc5a0 (10 bytes)
1777823484.959121 sending message 112 to peer 0x5b3424dbc5a0 (10 bytes)
1777823484.959126 sending message 112 to peer 0x5b3424dbc5a0 (10 bytes)
1777823484.959129 sending message 112 to peer 0x5b3424dbc5a0 (12 bytes)
1777823484.959134 sending message 112 to peer 0x5b3424dbc5a0 (13 bytes)
1777823484.959138 sending message 112 to peer 0x5b3424dbc5a0 (13 bytes)
1777823484.959142 sending message 112 to peer 0x5b3424dbc5a0 (13 bytes)
1777823484.959145 sending message 112 to peer 0x5b3424dbc5a0 (13 bytes)
1777823484.959149 sending message 112 to peer 0x5b3424dbc5a0 (13 bytes)
1777823484.959153 sending message 112 to peer 0x5b3424dbc5a0 (10 bytes)
1777823484.959156 sending message 112 to peer 0x5b3424dbc5a0 (11 bytes)
1777823484.959161 sending message 112 to peer 0x5b3424dbc5a0 (12 bytes)
1777823484.959164 sending message 112 to peer 0x5b3424dbc5a0 (12 bytes)
1777823484.959168 sending message 112 to peer 0x5b3424dbc5a0 (12 bytes)
1777823484.959173 sending message 112 to peer 0x5b3424dbc5a0 (12 bytes)
1777823484.959177 sending message 112 to peer 0x5b3424dbc5a0 (12 bytes)
1777823484.959180 sending message 112 to peer 0x5b3424dbc5a0 (11 bytes)
1777823484.959183 sending message 112 to peer 0x5b3424dbc5a0 (12 bytes)
1777823484.959186 sending message 112 to peer 0x5b3424dbc5a0 (12 bytes)
1777823484.959190 sending message 112 to peer 0x5b3424dbc5a0 (13 bytes)
1777823484.959193 sending message 112 to peer 0x5b3424dbc5a0 (13 bytes)
1777823484.959195 sending message 112 to peer 0x5b3424dbc5a0 (13 bytes)
1777823484.959198 sending message 112 to peer 0x5b3424dbc5a0 (13 bytes)
1777823484.959201 sending message 112 to peer 0x5b3424dbc5a0 (13 bytes)
1777823484.959204 sending message 112 to peer 0x5b3424dbc5a0 (10 bytes)
1777823484.959208 sending message 112 to peer 0x5b3424dbc5a0 (9 bytes)
1777823484.959211 sending message 112 to peer 0x5b3424dbc5a0 (12 bytes)
1777823484.959213 sending message 112 to peer 0x5b3424dbc5a0 (13 bytes)
1777823484.959215 sending message 112 to peer 0x5b3424dbc5a0 (13 bytes)
1777823484.959223 sending message 112 to peer 0x5b3424dbc5a0 (13 bytes)
1777823484.959227 sending message 112 to peer 0x5b3424dbc5a0 (13 bytes)
1777823484.959230 sending message 112 to peer 0x5b3424dbc5a0 (13 bytes)
1777823484.959234 sending message 112 to peer 0x5b3424dbc5a0 (9 bytes)
1777823484.959237 sending message 112 to peer 0x5b3424dbc5a0 (12 bytes)
1777823484.959240 sending message 112 to peer 0x5b3424dbc5a0 (13 bytes)
1777823484.959243 sending message 112 to peer 0x5b3424dbc5a0 (13 bytes)
1777823484.959246 sending message 112 to peer 0x5b3424dbc5a0 (13 bytes)
1777823484.959249 sending message 112 to peer 0x5b3424dbc5a0 (13 bytes)
1777823484.959252 sending message 112 to peer 0x5b3424dbc5a0 (13 bytes)
1777823484.959255 sending message 112 to peer 0x5b3424dbc5a0 (11 bytes)
1777823484.959258 sending message 112 to peer 0x5b3424dbc5a0 (12 bytes)
1777823484.959262 sending message 112 to peer 0x5b3424dbc5a0 (13 bytes)
1777823484.959265 sending message 112 to peer 0x5b3424dbc5a0 (13 bytes)
1777823484.959267 sending message 112 to peer 0x5b3424dbc5a0 (13 bytes)
1777823484.959269 sending message 112 to peer 0x5b3424dbc5a0 (13 bytes)
1777823484.959273 sending message 112 to peer 0x5b3424dbc5a0 (13 bytes)
1777823484.959276 sending message 112 to peer 0x5b3424dbc5a0 (11 bytes)
1777823484.959278 sending message 112 to peer 0x5b3424dbc5a0 (12 bytes)
1777823484.959281 sending message 112 to peer 0x5b3424dbc5a0 (12 bytes)
1777823484.959283 sending message 112 to peer 0x5b3424dbc5a0 (12 bytes)
1777823484.959285 sending message 112 to peer 0x5b3424dbc5a0 (12 bytes)
1777823484.959288 sending message 112 to peer 0x5b3424dbc5a0 (12 bytes)
1777823484.959291 sending message 112 to peer 0x5b3424dbc5a0 (21 bytes)
1777823484.959294 sending message 112 to peer 0x5b3424dbc5a0 (12 bytes)
1777823484.959299 sending message 112 to peer 0x5b3424dbc5a0 (9 bytes)
1777823484.959302 sending message 112 to peer 0x5b3424dbc5a0 (6 bytes)
1777823484.959306 sending message 112 to peer 0x5b3424dbc5a0 (13 bytes)
1777823484.959309 sending message 112 to peer 0x5b3424dbc5a0 (10 bytes)
1777823484.959312 sending message 112 to peer 0x5b3424dbc5a0 (24 bytes)
1777823484.959315 sending message 112 to peer 0x5b3424dbc5a0 (13 bytes)
1777823484.959319 sending message 112 to peer 0x5b3424dbc5a0 (9 bytes)
1777823484.959322 sending message 112 to peer 0x5b3424dbc5a0 (70 bytes)
1777823484.959326 sending message 112 to peer 0x5b3424dbc5a0 (69 bytes)
1777823484.959331 sending message 112 to peer 0x5b3424dbc5a0 (12 bytes)
1777823484.959333 sending message 112 to peer 0x5b3424dbc5a0 (10 bytes)
1777823484.959336 sending message 112 to peer 0x5b3424dbc5a0 (10 bytes)
1777823484.959339 sending message 112 to peer 0x5b3424dbc5a0 (24 bytes)
1777823484.959342 sending message 112 to peer 0x5b3424dbc5a0 (13 bytes)
1777823484.959345 sending message 112 to peer 0x5b3424dbc5a0 (10 bytes)
1777823484.959349 sending message 112 to peer 0x5b3424dbc5a0 (10 bytes)
1777823484.959353 sending message 112 to peer 0x5b3424dbc5a0 (10 bytes)
1777823484.959356 sending message 112 to peer 0x5b3424dbc5a0 (13 bytes)
1777823484.959360 sending message 112 to peer 0x5b3424dbc5a0 (15 bytes)
1777823484.959362 sending message 112 to peer 0x5b3424dbc5a0 (5 bytes)
1777823484.959365 sending message 104 to peer 0x5b3424dbc5a0 (0 bytes)
1777823484.959367 sending message 110 to peer 0x5b3424dbc5a0 (0 bytes)
1777823484.959371 sending message 107 to peer 0x5b3424dbc5a0 (4 bytes)
1777823484.959375 sending message 105 to peer 0x5b3424dbc5a0 (16 bytes)
1777823484.959378 sending message 105 to peer 0x5b3424dbc5a0 (59 bytes)
1777823484.959383 sending message 105 to peer 0x5b3424dbc5a0 (33 bytes)
1777823484.959385 sending message 105 to peer 0x5b3424dbc5a0 (12 bytes)
1777823484.959387 sending message 105 to peer 0x5b3424dbc5a0 (21 bytes)
1777823484.959390 sending message 105 to peer 0x5b3424dbc5a0 (15 bytes)
1777823484.959400 sending message 105 to peer 0x5b3424dbc5a0 (17 bytes)
1777823484.959403 sending message 105 to peer 0x5b3424dbc5a0 (1817 bytes)
1777823484.959414 sending message 105 to peer 0x5b3424dbc5a0 (54 bytes)
1777823484.959418 sending message 105 to peer 0x5b3424dbc5a0 (23 bytes)
1777823484.959421 sending message 105 to peer 0x5b3424dbc5a0 (34 bytes)
1777823484.959425 sending message 105 to peer 0x5b3424dbc5a0 (23 bytes)
1777823484.959428 sending message 105 to peer 0x5b3424dbc5a0 (20 bytes)
1777823484.959431 sending message 105 to peer 0x5b3424dbc5a0 (32 bytes)
1777823484.959438 sending message 105 to peer 0x5b3424dbc5a0 (9 bytes)
1777823484.959441 sending message 105 to peer 0x5b3424dbc5a0 (8 bytes)
1777823484.959444 sending message 105 to peer 0x5b3424dbc5a0 (14 bytes)
1777823484.959447 sending message 105 to peer 0x5b3424dbc5a0 (19 bytes)
1777823484.959450 sending message 105 to peer 0x5b3424dbc5a0 (71 bytes)
1777823484.959455 sending message 105 to peer 0x5b3424dbc5a0 (31 bytes)
1777823484.959458 sending message 105 to peer 0x5b3424dbc5a0 (35 bytes)
1777823484.959460 sending message 105 to peer 0x5b3424dbc5a0 (47 bytes)
1777823484.959463 sending message 105 to peer 0x5b3424dbc5a0 (82 bytes)
1777823484.959467 sending message 105 to peer 0x5b3424dbc5a0 (289 bytes)
1777823484.959470 sending message 105 to peer 0x5b3424dbc5a0 (54 bytes)
1777823484.959474 sending message 105 to peer 0x5b3424dbc5a0 (50 bytes)
1777823484.959478 sending message 105 to peer 0x5b3424dbc5a0 (19 bytes)
1777823484.959482 sending message 105 to peer 0x5b3424dbc5a0 (17 bytes)
1777823484.959486 sending message 105 to peer 0x5b3424dbc5a0 (16 bytes)
1777823484.959489 sending message 106 to peer 0x5b3424dbc5a0 (0 bytes)
1777823484.959515 sending message 200 to peer 0x5b3424dbc5a0 (4 bytes)
1777823484.959518 client loop enter
1777823484.959531 client_signal: Child exited
1777823485.004939 peer 0x5b3424dbc5a0 message 207
1777823485.004959 sending message 208 to peer 0x5b3424dbc5a0 (0 bytes)
1777823488.916228 peer 0x5b3424dbc5a0 message 203
1777823488.916247 sending message 205 to peer 0x5b3424dbc5a0 (0 bytes)
1777823488.916440 peer 0x5b3424dbc5a0 message 204
1777823488.916445 client loop exit
